<?xml version="1.0" encoding="UTF-8"?>
<!-- Generated by org.testng.reporters.JUnitXMLReporter -->
<testsuite ignored="0" hostname="Vaishnavi" failures="0" tests="2" name="Error Validation Test" time="25.255" errors="0" timestamp="2024-12-23T23:00:47 IST">
  <testcase classname="rahulshettyacademy.Tests.ErrorValidation" name="loginErrorvalidation" time="2.92"/>
  <testcase classname="rahulshettyacademy.Tests.ErrorValidation" name="productErrorValidation" time="14.271"/>
</testsuite> <!-- Error Validation Test -->
